{"/Users/seongtaek/WebstormProjects/test/app/api/mongo.js": {"path":"/Users/seongtaek/WebstormProjects/test/app/api/mongo.js","statementMap":{},"fnMap":{},"branchMap":{},"s":{},"f":{},"b":{},"_coverageSchema":"1a1c01bbd47fc00a2c39e90264f33305004495a9","hash":"48408bcf157354a446d918ff0539d084da18292d"}
,"/Users/seongtaek/WebstormProjects/test/app/classes/Card.js": {"path":"/Users/seongtaek/WebstormProjects/test/app/classes/Card.js","statementMap":{"0":{"start":{"line":5,"column":8},"end":{"line":5,"column":32}},"1":{"start":{"line":6,"column":8},"end":{"line":6,"column":38}},"2":{"start":{"line":7,"column":8},"end":{"line":7,"column":34}},"3":{"start":{"line":8,"column":8},"end":{"line":8,"column":30}},"4":{"start":{"line":9,"column":8},"end":{"line":9,"column":28}},"5":{"start":{"line":10,"column":8},"end":{"line":10,"column":38}},"6":{"start":{"line":11,"column":8},"end":{"line":11,"column":34}},"7":{"start":{"line":15,"column":8},"end":{"line":15,"column":29}},"8":{"start":{"line":19,"column":8},"end":{"line":19,"column":32}},"9":{"start":{"line":23,"column":8},"end":{"line":23,"column":30}},"10":{"start":{"line":27,"column":8},"end":{"line":27,"column":28}},"11":{"start":{"line":31,"column":8},"end":{"line":31,"column":27}},"12":{"start":{"line":35,"column":8},"end":{"line":35,"column":31}},"13":{"start":{"line":39,"column":8},"end":{"line":39,"column":29}},"14":{"start":{"line":43,"column":8},"end":{"line":43,"column":29}},"15":{"start":{"line":47,"column":8},"end":{"line":47,"column":28}},"16":{"start":{"line":51,"column":26},"end":{"line":53,"column":1}},"17":{"start":{"line":52,"column":4},"end":{"line":52,"column":88}}},"fnMap":{"0":{"name":"(anonymous_0)","decl":{"start":{"line":4,"column":4},"end":{"line":4,"column":5}},"loc":{"start":{"line":4,"column":84},"end":{"line":12,"column":5}},"line":4},"1":{"name":"(anonymous_1)","decl":{"start":{"line":14,"column":4},"end":{"line":14,"column":5}},"loc":{"start":{"line":14,"column":18},"end":{"line":16,"column":5}},"line":14},"2":{"name":"(anonymous_2)","decl":{"start":{"line":18,"column":4},"end":{"line":18,"column":5}},"loc":{"start":{"line":18,"column":21},"end":{"line":20,"column":5}},"line":18},"3":{"name":"(anonymous_3)","decl":{"start":{"line":22,"column":4},"end":{"line":22,"column":5}},"loc":{"start":{"line":22,"column":19},"end":{"line":24,"column":5}},"line":22},"4":{"name":"(anonymous_4)","decl":{"start":{"line":26,"column":4},"end":{"line":26,"column":5}},"loc":{"start":{"line":26,"column":17},"end":{"line":28,"column":5}},"line":26},"5":{"name":"(anonymous_5)","decl":{"start":{"line":30,"column":4},"end":{"line":30,"column":5}},"loc":{"start":{"line":30,"column":16},"end":{"line":32,"column":5}},"line":30},"6":{"name":"(anonymous_6)","decl":{"start":{"line":34,"column":4},"end":{"line":34,"column":5}},"loc":{"start":{"line":34,"column":21},"end":{"line":36,"column":5}},"line":34},"7":{"name":"(anonymous_7)","decl":{"start":{"line":38,"column":4},"end":{"line":38,"column":5}},"loc":{"start":{"line":38,"column":19},"end":{"line":40,"column":5}},"line":38},"8":{"name":"(anonymous_8)","decl":{"start":{"line":42,"column":4},"end":{"line":42,"column":5}},"loc":{"start":{"line":42,"column":22},"end":{"line":44,"column":5}},"line":42},"9":{"name":"(anonymous_9)","decl":{"start":{"line":46,"column":4},"end":{"line":46,"column":5}},"loc":{"start":{"line":46,"column":21},"end":{"line":48,"column":5}},"line":46},"10":{"name":"(anonymous_10)","decl":{"start":{"line":51,"column":26},"end":{"line":51,"column":27}},"loc":{"start":{"line":51,"column":98},"end":{"line":53,"column":1}},"line":51}},"branchMap":{},"s":{"0":10,"1":10,"2":10,"3":10,"4":10,"5":10,"6":10,"7":6,"8":6,"9":9,"10":8,"11":18,"12":5,"13":5,"14":0,"15":0,"16":1,"17":10},"f":{"0":10,"1":6,"2":6,"3":9,"4":8,"5":18,"6":5,"7":5,"8":0,"9":0,"10":10},"b":{},"_coverageSchema":"1a1c01bbd47fc00a2c39e90264f33305004495a9","hash":"3168a32ff1d8fa96afb7a046a2cbf8716c20fcc9"}
,"/Users/seongtaek/WebstormProjects/test/app/classes/Order.js": {"path":"/Users/seongtaek/WebstormProjects/test/app/classes/Order.js","statementMap":{"0":{"start":{"line":6,"column":27},"end":{"line":11,"column":1}},"1":{"start":{"line":22,"column":4},"end":{"line":22,"column":30}},"2":{"start":{"line":23,"column":4},"end":{"line":23,"column":32}},"3":{"start":{"line":24,"column":4},"end":{"line":24,"column":36}},"4":{"start":{"line":25,"column":4},"end":{"line":25,"column":30}},"5":{"start":{"line":26,"column":4},"end":{"line":26,"column":40}},"6":{"start":{"line":27,"column":4},"end":{"line":27,"column":24}},"7":{"start":{"line":43,"column":4},"end":{"line":43,"column":26}},"8":{"start":{"line":51,"column":4},"end":{"line":51,"column":23}},"9":{"start":{"line":65,"column":4},"end":{"line":65,"column":24}},"10":{"start":{"line":66,"column":4},"end":{"line":66,"column":27}},"11":{"start":{"line":75,"column":4},"end":{"line":75,"column":24}},"12":{"start":{"line":79,"column":4},"end":{"line":83,"column":5}},"13":{"start":{"line":80,"column":6},"end":{"line":80,"column":18}},"14":{"start":{"line":82,"column":6},"end":{"line":82,"column":36}},"15":{"start":{"line":87,"column":4},"end":{"line":91,"column":5}},"16":{"start":{"line":88,"column":6},"end":{"line":88,"column":18}},"17":{"start":{"line":90,"column":6},"end":{"line":90,"column":36}},"18":{"start":{"line":95,"column":4},"end":{"line":99,"column":5}},"19":{"start":{"line":96,"column":6},"end":{"line":96,"column":18}},"20":{"start":{"line":98,"column":6},"end":{"line":98,"column":36}},"21":{"start":{"line":103,"column":27},"end":{"line":112,"column":1}},"22":{"start":{"line":104,"column":2},"end":{"line":111,"column":4}},"23":{"start":{"line":126,"column":29},"end":{"line":168,"column":1}},"24":{"start":{"line":127,"column":2},"end":{"line":127,"column":23}},"25":{"start":{"line":128,"column":2},"end":{"line":133,"column":3}},"26":{"start":{"line":132,"column":4},"end":{"line":132,"column":38}},"27":{"start":{"line":134,"column":2},"end":{"line":136,"column":3}},"28":{"start":{"line":135,"column":4},"end":{"line":135,"column":41}},"29":{"start":{"line":137,"column":2},"end":{"line":139,"column":3}},"30":{"start":{"line":138,"column":4},"end":{"line":138,"column":37}},"31":{"start":{"line":140,"column":2},"end":{"line":142,"column":3}},"32":{"start":{"line":141,"column":4},"end":{"line":141,"column":45}},"33":{"start":{"line":143,"column":2},"end":{"line":145,"column":3}},"34":{"start":{"line":144,"column":4},"end":{"line":144,"column":41}},"35":{"start":{"line":146,"column":2},"end":{"line":148,"column":3}},"36":{"start":{"line":147,"column":4},"end":{"line":147,"column":45}},"37":{"start":{"line":149,"column":2},"end":{"line":164,"column":3}},"38":{"start":{"line":163,"column":4},"end":{"line":163,"column":41}},"39":{"start":{"line":166,"column":2},"end":{"line":166,"column":42}},"40":{"start":{"line":167,"column":2},"end":{"line":167,"column":14}},"41":{"start":{"line":170,"column":29},"end":{"line":181,"column":1}},"42":{"start":{"line":171,"column":2},"end":{"line":171,"column":25}},"43":{"start":{"line":173,"column":2},"end":{"line":175,"column":3}},"44":{"start":{"line":174,"column":4},"end":{"line":174,"column":45}},"45":{"start":{"line":176,"column":2},"end":{"line":178,"column":3}},"46":{"start":{"line":177,"column":4},"end":{"line":177,"column":51}},"47":{"start":{"line":179,"column":2},"end":{"line":179,"column":45}},"48":{"start":{"line":180,"column":2},"end":{"line":180,"column":14}},"49":{"start":{"line":183,"column":30},"end":{"line":187,"column":1}},"50":{"start":{"line":184,"column":2},"end":{"line":184,"column":28}},"51":{"start":{"line":185,"column":2},"end":{"line":185,"column":45}},"52":{"start":{"line":186,"column":2},"end":{"line":186,"column":14}}},"fnMap":{"0":{"name":"(anonymous_0)","decl":{"start":{"line":14,"column":2},"end":{"line":14,"column":3}},"loc":{"start":{"line":21,"column":4},"end":{"line":28,"column":3}},"line":21},"1":{"name":"(anonymous_1)","decl":{"start":{"line":42,"column":2},"end":{"line":42,"column":3}},"loc":{"start":{"line":42,"column":17},"end":{"line":44,"column":3}},"line":42},"2":{"name":"(anonymous_2)","decl":{"start":{"line":50,"column":2},"end":{"line":50,"column":3}},"loc":{"start":{"line":50,"column":14},"end":{"line":52,"column":3}},"line":50},"3":{"name":"(anonymous_3)","decl":{"start":{"line":64,"column":2},"end":{"line":64,"column":3}},"loc":{"start":{"line":64,"column":22},"end":{"line":67,"column":3}},"line":64},"4":{"name":"(anonymous_4)","decl":{"start":{"line":74,"column":2},"end":{"line":74,"column":3}},"loc":{"start":{"line":74,"column":19},"end":{"line":76,"column":3}},"line":74},"5":{"name":"(anonymous_5)","decl":{"start":{"line":78,"column":2},"end":{"line":78,"column":3}},"loc":{"start":{"line":78,"column":17},"end":{"line":84,"column":3}},"line":78},"6":{"name":"(anonymous_6)","decl":{"start":{"line":86,"column":2},"end":{"line":86,"column":3}},"loc":{"start":{"line":86,"column":19},"end":{"line":92,"column":3}},"line":86},"7":{"name":"(anonymous_7)","decl":{"start":{"line":94,"column":2},"end":{"line":94,"column":3}},"loc":{"start":{"line":94,"column":22},"end":{"line":100,"column":3}},"line":94},"8":{"name":"(anonymous_8)","decl":{"start":{"line":103,"column":27},"end":{"line":103,"column":28}},"loc":{"start":{"line":103,"column":75},"end":{"line":112,"column":1}},"line":103},"9":{"name":"(anonymous_9)","decl":{"start":{"line":126,"column":29},"end":{"line":126,"column":30}},"loc":{"start":{"line":126,"column":55},"end":{"line":168,"column":1}},"line":126},"10":{"name":"(anonymous_10)","decl":{"start":{"line":170,"column":29},"end":{"line":170,"column":30}},"loc":{"start":{"line":170,"column":64},"end":{"line":181,"column":1}},"line":170},"11":{"name":"(anonymous_11)","decl":{"start":{"line":183,"column":30},"end":{"line":183,"column":31}},"loc":{"start":{"line":183,"column":41},"end":{"line":187,"column":1}},"line":183}},"branchMap":{"0":{"loc":{"start":{"line":79,"column":4},"end":{"line":83,"column":5}},"type":"if","locations":[{"start":{"line":79,"column":4},"end":{"line":83,"column":5}},{"start":{"line":81,"column":11},"end":{"line":83,"column":5}}],"line":79},"1":{"loc":{"start":{"line":87,"column":4},"end":{"line":91,"column":5}},"type":"if","locations":[{"start":{"line":87,"column":4},"end":{"line":91,"column":5}},{"start":{"line":89,"column":11},"end":{"line":91,"column":5}}],"line":87},"2":{"loc":{"start":{"line":95,"column":4},"end":{"line":99,"column":5}},"type":"if","locations":[{"start":{"line":95,"column":4},"end":{"line":99,"column":5}},{"start":{"line":97,"column":11},"end":{"line":99,"column":5}}],"line":95},"3":{"loc":{"start":{"line":128,"column":2},"end":{"line":133,"column":3}},"type":"if","locations":[{"start":{"line":128,"column":2},"end":{"line":133,"column":3}},{"start":{},"end":{}}],"line":128},"4":{"loc":{"start":{"line":129,"column":4},"end":{"line":130,"column":48}},"type":"binary-expr","locations":[{"start":{"line":129,"column":4},"end":{"line":129,"column":48}},{"start":{"line":130,"column":4},"end":{"line":130,"column":48}}],"line":129},"5":{"loc":{"start":{"line":134,"column":2},"end":{"line":136,"column":3}},"type":"if","locations":[{"start":{"line":134,"column":2},"end":{"line":136,"column":3}},{"start":{},"end":{}}],"line":134},"6":{"loc":{"start":{"line":137,"column":2},"end":{"line":139,"column":3}},"type":"if","locations":[{"start":{"line":137,"column":2},"end":{"line":139,"column":3}},{"start":{},"end":{}}],"line":137},"7":{"loc":{"start":{"line":140,"column":2},"end":{"line":142,"column":3}},"type":"if","locations":[{"start":{"line":140,"column":2},"end":{"line":142,"column":3}},{"start":{},"end":{}}],"line":140},"8":{"loc":{"start":{"line":140,"column":6},"end":{"line":140,"column":61}},"type":"binary-expr","locations":[{"start":{"line":140,"column":6},"end":{"line":140,"column":29}},{"start":{"line":140,"column":33},"end":{"line":140,"column":61}}],"line":140},"9":{"loc":{"start":{"line":143,"column":2},"end":{"line":145,"column":3}},"type":"if","locations":[{"start":{"line":143,"column":2},"end":{"line":145,"column":3}},{"start":{},"end":{}}],"line":143},"10":{"loc":{"start":{"line":146,"column":2},"end":{"line":148,"column":3}},"type":"if","locations":[{"start":{"line":146,"column":2},"end":{"line":148,"column":3}},{"start":{},"end":{}}],"line":146},"11":{"loc":{"start":{"line":149,"column":2},"end":{"line":164,"column":3}},"type":"if","locations":[{"start":{"line":149,"column":2},"end":{"line":164,"column":3}},{"start":{},"end":{}}],"line":149},"12":{"loc":{"start":{"line":150,"column":4},"end":{"line":161,"column":8}},"type":"binary-expr","locations":[{"start":{"line":150,"column":4},"end":{"line":155,"column":8}},{"start":{"line":156,"column":4},"end":{"line":161,"column":8}}],"line":150},"13":{"loc":{"start":{"line":173,"column":2},"end":{"line":175,"column":3}},"type":"if","locations":[{"start":{"line":173,"column":2},"end":{"line":175,"column":3}},{"start":{},"end":{}}],"line":173},"14":{"loc":{"start":{"line":176,"column":2},"end":{"line":178,"column":3}},"type":"if","locations":[{"start":{"line":176,"column":2},"end":{"line":178,"column":3}},{"start":{},"end":{}}],"line":176}},"s":{"0":1,"1":10,"2":10,"3":10,"4":10,"5":10,"6":10,"7":32,"8":8,"9":0,"10":0,"11":6,"12":10,"13":10,"14":0,"15":3,"16":3,"17":0,"18":1,"19":1,"20":0,"21":1,"22":10,"23":1,"24":10,"25":10,"26":1,"27":9,"28":1,"29":8,"30":2,"31":6,"32":0,"33":6,"34":1,"35":5,"36":1,"37":4,"38":0,"39":4,"40":4,"41":1,"42":3,"43":3,"44":1,"45":2,"46":1,"47":1,"48":1,"49":1,"50":1,"51":1,"52":1},"f":{"0":10,"1":32,"2":8,"3":0,"4":6,"5":10,"6":3,"7":1,"8":10,"9":10,"10":3,"11":1},"b":{"0":[10,0],"1":[3,0],"2":[1,0],"3":[1,9],"4":[10,8],"5":[1,8],"6":[2,6],"7":[0,6],"8":[6,6],"9":[1,5],"10":[1,4],"11":[0,4],"12":[4,4],"13":[1,2],"14":[1,1]},"_coverageSchema":"1a1c01bbd47fc00a2c39e90264f33305004495a9","hash":"507ceb4716910211af69ccdb69121ff74fdbf7b0"}
,"/Users/seongtaek/WebstormProjects/test/app/classes/Product.js": {"path":"/Users/seongtaek/WebstormProjects/test/app/classes/Product.js","statementMap":{"0":{"start":{"line":5,"column":8},"end":{"line":5,"column":26}},"1":{"start":{"line":6,"column":8},"end":{"line":6,"column":30}},"2":{"start":{"line":7,"column":8},"end":{"line":7,"column":28}},"3":{"start":{"line":8,"column":8},"end":{"line":8,"column":38}},"4":{"start":{"line":12,"column":8},"end":{"line":12,"column":26}},"5":{"start":{"line":16,"column":8},"end":{"line":16,"column":28}},"6":{"start":{"line":20,"column":8},"end":{"line":20,"column":27}},"7":{"start":{"line":24,"column":8},"end":{"line":24,"column":32}},"8":{"start":{"line":28,"column":8},"end":{"line":28,"column":29}},"9":{"start":{"line":32,"column":29},"end":{"line":34,"column":1}},"10":{"start":{"line":33,"column":4},"end":{"line":33,"column":56}}},"fnMap":{"0":{"name":"(anonymous_0)","decl":{"start":{"line":4,"column":4},"end":{"line":4,"column":5}},"loc":{"start":{"line":4,"column":49},"end":{"line":9,"column":5}},"line":4},"1":{"name":"(anonymous_1)","decl":{"start":{"line":11,"column":4},"end":{"line":11,"column":5}},"loc":{"start":{"line":11,"column":15},"end":{"line":13,"column":5}},"line":11},"2":{"name":"(anonymous_2)","decl":{"start":{"line":15,"column":4},"end":{"line":15,"column":5}},"loc":{"start":{"line":15,"column":17},"end":{"line":17,"column":5}},"line":15},"3":{"name":"(anonymous_3)","decl":{"start":{"line":19,"column":4},"end":{"line":19,"column":5}},"loc":{"start":{"line":19,"column":16},"end":{"line":21,"column":5}},"line":19},"4":{"name":"(anonymous_4)","decl":{"start":{"line":23,"column":4},"end":{"line":23,"column":5}},"loc":{"start":{"line":23,"column":21},"end":{"line":25,"column":5}},"line":23},"5":{"name":"(anonymous_5)","decl":{"start":{"line":27,"column":4},"end":{"line":27,"column":5}},"loc":{"start":{"line":27,"column":22},"end":{"line":29,"column":5}},"line":27},"6":{"name":"(anonymous_6)","decl":{"start":{"line":32,"column":29},"end":{"line":32,"column":30}},"loc":{"start":{"line":32,"column":66},"end":{"line":34,"column":1}},"line":32}},"branchMap":{},"s":{"0":10,"1":10,"2":10,"3":10,"4":15,"5":6,"6":26,"7":3,"8":0,"9":1,"10":10},"f":{"0":10,"1":15,"2":6,"3":26,"4":3,"5":0,"6":10},"b":{},"_coverageSchema":"1a1c01bbd47fc00a2c39e90264f33305004495a9","hash":"20d776e33455702bc9abaa1e101aba4cd9b03beb"}
,"/Users/seongtaek/WebstormProjects/test/app/error/CardError.js": {"path":"/Users/seongtaek/WebstormProjects/test/app/error/CardError.js","statementMap":{"0":{"start":{"line":3,"column":8},"end":{"line":3,"column":21}},"1":{"start":{"line":4,"column":8},"end":{"line":4,"column":32}}},"fnMap":{"0":{"name":"(anonymous_0)","decl":{"start":{"line":2,"column":4},"end":{"line":2,"column":5}},"loc":{"start":{"line":2,"column":23},"end":{"line":5,"column":5}},"line":2}},"branchMap":{},"s":{"0":4,"1":4},"f":{"0":4},"b":{},"_coverageSchema":"1a1c01bbd47fc00a2c39e90264f33305004495a9","hash":"fe8e6be3404c3b608a464776e2908a1e9f0b1cda"}
,"/Users/seongtaek/WebstormProjects/test/app/error/ProductError.js": {"path":"/Users/seongtaek/WebstormProjects/test/app/error/ProductError.js","statementMap":{"0":{"start":{"line":3,"column":8},"end":{"line":3,"column":21}},"1":{"start":{"line":4,"column":8},"end":{"line":4,"column":35}}},"fnMap":{"0":{"name":"(anonymous_0)","decl":{"start":{"line":2,"column":4},"end":{"line":2,"column":5}},"loc":{"start":{"line":2,"column":23},"end":{"line":5,"column":5}},"line":2}},"branchMap":{},"s":{"0":2,"1":2},"f":{"0":2},"b":{},"_coverageSchema":"1a1c01bbd47fc00a2c39e90264f33305004495a9","hash":"961b3163077bd1d6c20cfcb7ff9381780f39ebae"}
,"/Users/seongtaek/WebstormProjects/test/app/error/RefundError.js": {"path":"/Users/seongtaek/WebstormProjects/test/app/error/RefundError.js","statementMap":{"0":{"start":{"line":3,"column":8},"end":{"line":3,"column":21}},"1":{"start":{"line":4,"column":8},"end":{"line":4,"column":34}}},"fnMap":{"0":{"name":"(anonymous_0)","decl":{"start":{"line":2,"column":4},"end":{"line":2,"column":5}},"loc":{"start":{"line":2,"column":23},"end":{"line":5,"column":5}},"line":2}},"branchMap":{},"s":{"0":2,"1":2},"f":{"0":2},"b":{},"_coverageSchema":"1a1c01bbd47fc00a2c39e90264f33305004495a9","hash":"6ea0c47e004b3950a7976a3587f6cfaa50c3f532"}
,"/Users/seongtaek/WebstormProjects/test/app/error/StateError.js": {"path":"/Users/seongtaek/WebstormProjects/test/app/error/StateError.js","statementMap":{"0":{"start":{"line":3,"column":8},"end":{"line":3,"column":36}},"1":{"start":{"line":4,"column":8},"end":{"line":4,"column":33}}},"fnMap":{"0":{"name":"(anonymous_0)","decl":{"start":{"line":2,"column":4},"end":{"line":2,"column":5}},"loc":{"start":{"line":2,"column":23},"end":{"line":5,"column":5}},"line":2}},"branchMap":{},"s":{"0":0,"1":0},"f":{"0":0},"b":{},"_coverageSchema":"1a1c01bbd47fc00a2c39e90264f33305004495a9","hash":"e3c255cb5e4e976f3a800903267262bacc8c4226"}
}
