TN:
SF:app/api/mongo.js
FNF:0
FNH:0
LF:0
LH:0
BRF:0
BRH:0
end_of_record
TN:
SF:app/classes/Card.js
FN:2,(anonymous_0)
FN:20,(anonymous_1)
FN:24,(anonymous_2)
FN:28,(anonymous_3)
FN:32,(anonymous_4)
FN:36,(anonymous_5)
FN:40,(anonymous_6)
FN:44,(anonymous_7)
FN:48,(anonymous_8)
FN:52,(anonymous_9)
FN:57,(anonymous_10)
FNF:11
FNH:9
FNDA:10,(anonymous_0)
FNDA:6,(anonymous_1)
FNDA:6,(anonymous_2)
FNDA:9,(anonymous_3)
FNDA:8,(anonymous_4)
FNDA:18,(anonymous_5)
FNDA:5,(anonymous_6)
FNDA:5,(anonymous_7)
FNDA:0,(anonymous_8)
FNDA:0,(anonymous_9)
FNDA:10,(anonymous_10)
DA:11,10
DA:12,10
DA:13,10
DA:14,10
DA:15,10
DA:16,10
DA:17,10
DA:21,6
DA:25,6
DA:29,9
DA:33,8
DA:37,18
DA:41,5
DA:45,5
DA:49,0
DA:53,0
DA:57,1
DA:66,10
LF:18
LH:16
BRF:0
BRH:0
end_of_record
TN:
SF:app/classes/Order.js
FN:14,(anonymous_0)
FN:42,(anonymous_1)
FN:50,(anonymous_2)
FN:64,(anonymous_3)
FN:74,(anonymous_4)
FN:78,(anonymous_5)
FN:86,(anonymous_6)
FN:94,(anonymous_7)
FN:103,(anonymous_8)
FN:126,(anonymous_9)
FN:170,(anonymous_10)
FN:183,(anonymous_11)
FNF:12
FNH:11
FNDA:10,(anonymous_0)
FNDA:32,(anonymous_1)
FNDA:8,(anonymous_2)
FNDA:0,(anonymous_3)
FNDA:6,(anonymous_4)
FNDA:10,(anonymous_5)
FNDA:3,(anonymous_6)
FNDA:1,(anonymous_7)
FNDA:10,(anonymous_8)
FNDA:10,(anonymous_9)
FNDA:3,(anonymous_10)
FNDA:1,(anonymous_11)
DA:6,1
DA:22,10
DA:23,10
DA:24,10
DA:25,10
DA:26,10
DA:27,10
DA:43,32
DA:51,8
DA:65,0
DA:66,0
DA:75,6
DA:79,10
DA:80,10
DA:82,0
DA:87,3
DA:88,3
DA:90,0
DA:95,1
DA:96,1
DA:98,0
DA:103,1
DA:104,10
DA:126,1
DA:127,10
DA:128,10
DA:132,1
DA:134,9
DA:135,1
DA:137,8
DA:138,2
DA:140,6
DA:141,0
DA:143,6
DA:144,1
DA:146,5
DA:147,1
DA:149,4
DA:163,0
DA:166,4
DA:167,4
DA:170,1
DA:171,3
DA:173,3
DA:174,1
DA:176,2
DA:177,1
DA:179,1
DA:180,1
DA:183,1
DA:184,1
DA:185,1
DA:186,1
LF:53
LH:46
BRDA:79,0,0,10
BRDA:79,0,1,0
BRDA:87,1,0,3
BRDA:87,1,1,0
BRDA:95,2,0,1
BRDA:95,2,1,0
BRDA:128,3,0,1
BRDA:128,3,1,9
BRDA:129,4,0,10
BRDA:129,4,1,8
BRDA:134,5,0,1
BRDA:134,5,1,8
BRDA:137,6,0,2
BRDA:137,6,1,6
BRDA:140,7,0,0
BRDA:140,7,1,6
BRDA:140,8,0,6
BRDA:140,8,1,6
BRDA:143,9,0,1
BRDA:143,9,1,5
BRDA:146,10,0,1
BRDA:146,10,1,4
BRDA:149,11,0,0
BRDA:149,11,1,4
BRDA:150,12,0,4
BRDA:150,12,1,4
BRDA:173,13,0,1
BRDA:173,13,1,2
BRDA:176,14,0,1
BRDA:176,14,1,1
BRF:30
BRH:25
end_of_record
TN:
SF:app/classes/Product.js
FN:4,(anonymous_0)
FN:11,(anonymous_1)
FN:15,(anonymous_2)
FN:19,(anonymous_3)
FN:23,(anonymous_4)
FN:27,(anonymous_5)
FN:32,(anonymous_6)
FNF:7
FNH:6
FNDA:10,(anonymous_0)
FNDA:15,(anonymous_1)
FNDA:6,(anonymous_2)
FNDA:26,(anonymous_3)
FNDA:3,(anonymous_4)
FNDA:0,(anonymous_5)
FNDA:10,(anonymous_6)
DA:5,10
DA:6,10
DA:7,10
DA:8,10
DA:12,15
DA:16,6
DA:20,26
DA:24,3
DA:28,0
DA:32,1
DA:33,10
LF:11
LH:10
BRF:0
BRH:0
end_of_record
TN:
SF:app/error/CardError.js
FN:2,(anonymous_0)
FNF:1
FNH:1
FNDA:4,(anonymous_0)
DA:3,4
DA:4,4
LF:2
LH:2
BRF:0
BRH:0
end_of_record
TN:
SF:app/error/ProductError.js
FN:2,(anonymous_0)
FNF:1
FNH:1
FNDA:2,(anonymous_0)
DA:3,2
DA:4,2
LF:2
LH:2
BRF:0
BRH:0
end_of_record
TN:
SF:app/error/RefundError.js
FN:2,(anonymous_0)
FNF:1
FNH:1
FNDA:2,(anonymous_0)
DA:3,2
DA:4,2
LF:2
LH:2
BRF:0
BRH:0
end_of_record
TN:
SF:app/error/StateError.js
FN:2,(anonymous_0)
FNF:1
FNH:0
FNDA:0,(anonymous_0)
DA:3,0
DA:4,0
LF:2
LH:0
BRF:0
BRH:0
end_of_record
